./classes/spinFiles.ts:        // [error_tmop]
./classes/spinFiles.ts:      // [error_loxuoe]
./classes/spinFiles.ts:      // [error_INTERNAL]
./classes/objectImage.ts:      // [error_pex]
./classes/debugData.ts:      // [error_dditl] WAS: DEBUG data is too long
./classes/debugData.ts:      // [error_dditl] WAS: DEBUG data is too long
./classes/spin2Parser.ts:      // [error_PASCAL]
./classes/spin2Parser.ts:        // [error_PASCAL]
./classes/spin2Parser.ts:      // [error_pex]
./classes/spin2Parser.ts:      // [error_pex]
./classes/spin2Parser.ts:      // [error_debugclk]
./classes/spin2Parser.ts:        // [error_debugcog]
./classes/spin2Parser.ts:        // [error_debugdly]
./classes/parseUtils.ts:        // [error_INTERNAL]
./classes/spinResolver.ts:          // [error_eauvnsa]
./classes/spinResolver.ts:            // [error_eauvn]
./classes/spinResolver.ts:              // [error_tmvsid]
./classes/spinResolver.ts:            // [error_tmvsid]
./classes/spinResolver.ts:      // [error_tmvsid]
./classes/spinResolver.ts:              // [error_INTERNAL]
./classes/spinResolver.ts:        // [error_ifufiq]
./classes/spinResolver.ts:        // [error_ifc]
./classes/spinResolver.ts:        // [error_ftl]
./classes/spinResolver.ts:          // [error_cfcobd]
./classes/spinResolver.ts:      // [error_cccbd]
./classes/spinResolver.ts:        // [error_codcssf]
./classes/spinResolver.ts:        // [error_downbaud]
./classes/spinResolver.ts:        // [error_debugpin]
./classes/spinResolver.ts:        // [error_debugptx]
./classes/spinResolver.ts:        // [error_debugprx]
./classes/spinResolver.ts:        // [error_debugbaud]
./classes/spinResolver.ts:      // [error_INTERNAL]
./classes/spinResolver.ts:      // [error_INTERNAL]
./classes/spinResolver.ts:      // [error_pllscnba]
./classes/spinResolver.ts:              // [error_eend]
./classes/spinResolver.ts:            // [error_siad]
./classes/spinResolver.ts:                    // [error_fvar]
./classes/spinResolver.ts:                    // [error_fvar]
./classes/spinResolver.ts:                  // [error_haefl]
./classes/spinResolver.ts:                  // [error_caefl]
./classes/spinResolver.ts:                // [error_rinaiom]
./classes/spinResolver.ts:                // [error_cael]
./classes/spinResolver.ts:                // [error_oinaiom]
./classes/spinResolver.ts:                // [error_cael]
./classes/spinResolver.ts:                // [error_oaet]
./classes/spinResolver.ts:                // [error_onawiac]
./classes/spinResolver.ts:                  // [error_caexl]
./classes/spinResolver.ts:                    // [error_caexl]
./classes/spinResolver.ts:                // [error_ohnawiac]
./classes/spinResolver.ts:                    // [error_habxl]
./classes/spinResolver.ts:                  // [error_haec]
./classes/spinResolver.ts:                    // [error_hael]
./classes/spinResolver.ts:                    // [error_haec]
./classes/spinResolver.ts:                    // [error_hacd]
./classes/spinResolver.ts:                // [error_aanawiac]
./classes/spinResolver.ts:              // [error_eidbwloe]
./classes/spinResolver.ts:              // [error_INTERNAL]
./classes/spinResolver.ts:              // [error_INTERNAL]
./classes/spinResolver.ts:            // [error_eaunbwlo]
./classes/spinResolver.ts:        // [error_eaasmi]
./classes/spinResolver.ts:        // [error_INTERNAL]
./classes/spinResolver.ts:              // [error_smb0t7]
./classes/spinResolver.ts:            // [error_smb0t7]
./classes/spinResolver.ts:              // [error_smb0t3]
./classes/spinResolver.ts:            // [error_smb0t3]
./classes/spinResolver.ts:              // [error_smb0t1]
./classes/spinResolver.ts:            // [error_smb0t1]
./classes/spinResolver.ts:              // [error_rbeiooa]
./classes/spinResolver.ts:              // [error_rbeioor]
./classes/spinResolver.ts:                      // [error_drmbpppp]
./classes/spinResolver.ts:                        // [error_drmbpppp]
./classes/spinResolver.ts:                      // [error_drmbpppp]
./classes/spinResolver.ts:                  // [error_drmbpppp]
./classes/spinResolver.ts:              // [error_drmbpppp]
./classes/spinResolver.ts:            // [error_amnex]
./classes/spinResolver.ts:          // [error_ewcwzwcz]
./classes/spinResolver.ts:              // [error_INTERNAL]
./classes/spinResolver.ts:            // [error_nchcor]
./classes/spinResolver.ts:            // [error_dcbpbac]
./classes/spinResolver.ts:        // [error_INTERNAL]
./classes/spinResolver.ts:        // [error_eaaeoeol]
./classes/spinResolver.ts:        // [error_teinafti]
./classes/spinResolver.ts:            // [error_rainawi]
./classes/spinResolver.ts:            // [error_rainawi]
./classes/spinResolver.ts:            // [error_raioor]
./classes/spinResolver.ts:      // [error_amnex]
./classes/spinResolver.ts:              // [error_picmr116]
./classes/spinResolver.ts:              // [error_picmr6b]
./classes/spinResolver.ts:            // [error_cmbf0t255]
./classes/spinResolver.ts:      // [error_racc]
./classes/spinResolver.ts:      // [error_ewaox]
./classes/spinResolver.ts:      // [error_rcex]
./classes/spinResolver.ts:      // [error_cmbf0t511]
./classes/spinResolver.ts:      // [error_tdcbpbas]
./classes/spinResolver.ts:              // [error_bmbft]
./classes/spinResolver.ts:              // [error_wmbft]
./classes/spinResolver.ts:              // [error_hael]
./classes/spinResolver.ts:              // [error_cael]
./classes/spinResolver.ts:        // [error_npmf]
./classes/spinResolver.ts:        // [error_eaumn]
./classes/spinResolver.ts:            // [error_eaupn]
./classes/spinResolver.ts:            // [error_loxpe]
./classes/spinResolver.ts:            // [error_eaurn]
./classes/spinResolver.ts:            // [error_loxre]
./classes/spinResolver.ts:            // [error_eauvnsa]
./classes/spinResolver.ts:        // [error_loxppme]
./classes/spinResolver.ts:            // [error_eaupn]
./classes/spinResolver.ts:            // [error_eaurn]
./classes/spinResolver.ts:            // [error_eauvnsa]
./classes/spinResolver.ts:            // [error_loxlve]
./classes/spinResolver.ts:            // [error_loxee]
./classes/spinResolver.ts:        // [error_omblc]
./classes/spinResolver.ts:          // [error_loxcase]
./classes/spinResolver.ts:      // [error_nce]
./classes/spinResolver.ts:        // [error_omblc]
./classes/spinResolver.ts:          // [error_loxcasef]
./classes/spinResolver.ts:      // [error_nce]
./classes/spinResolver.ts:              // [error_cfiinu]
./classes/spinResolver.ts:        // [error_cfbex]
./classes/spinResolver.ts:      // [error_cfvmbw]
./classes/spinResolver.ts:          // [error_INTERNAL]
./classes/spinResolver.ts:          // [error_csmbla]
./classes/spinResolver.ts:      // [error_loxdse]
./classes/spinResolver.ts:        // [error_eals]
./classes/spinResolver.ts:        // [error_INTERNAL]
./classes/spinResolver.ts:              // [error_ocmbf1tx]
./classes/spinResolver.ts:              // [error_loxoie]
./classes/spinResolver.ts:                // [error_eas]
./classes/spinResolver.ts:          // [error_eauon]
./classes/spinResolver.ts:          // [error_INTERNAL]
./classes/spinResolver.ts:    // [error_NEW]
./classes/spinResolver.ts:          // [error_tmvsid]
./classes/spinResolver.ts:      // [error_odo]
./classes/spinResolver.ts:              // [error_eaucnop]
./classes/spinResolver.ts:              // [error_eelcoeol]
./classes/spinResolver.ts:            // [error_eaucnop]
./classes/spinResolver.ts:      // [error_siad]
./classes/spinResolver.ts:        // [error_bdmbifc]
./classes/spinResolver.ts:            // [error_tocbufa]
./classes/spinResolver.ts:        // [error_ticobu]
./classes/spinResolver.ts:            // [error_eaiov]
./classes/spinResolver.ts:              // [error_tocbufa]
./classes/spinResolver.ts:            // [error_vnao]
./classes/spinResolver.ts:        // [error_icaexl]
./classes/spinResolver.ts:          // [error_icaexl]
./classes/spinResolver.ts:      // [error_isie]
./classes/spinResolver.ts:        // [error_tioawarb]
./classes/spinResolver.ts:        // [error_internal]
./classes/spinResolver.ts:        // [error_eeol]
./classes/spinResolver.ts:      // [error_esendd]
./classes/spinResolver.ts:      // [error_tocbufa]
./classes/spinResolver.ts:          // [error_eldppodc]
./classes/spinResolver.ts:      // [error_dditl]
./classes/spinResolver.ts:      // [error_eaet]
./classes/spinResolver.ts:      // [error_eaenop]
./classes/spinResolver.ts:      // [error_eaet]
./classes/spinResolver.ts:        // [error_rpcx]
./classes/spinResolver.ts:          // [error_dditl] WAS: DEBUG data is too long
./classes/spinResolver.ts:          // [error_etmrasr]
./classes/spinResolver.ts:        // [error_eaet]
./classes/spinResolver.ts:                  // [error_pmbttsp]
./classes/spinResolver.ts:      // [error_mpmblv]
./classes/spinResolver.ts:        // [error_eright]
./classes/spinResolver.ts:        // [error_erightb]
./classes/spinResolver.ts:        // [error_enope]
./classes/spinResolver.ts:            // [error_NEW]
./classes/spinResolver.ts:            // [error_NEW]
./classes/spinResolver.ts:        // [error_bwldcx]
./classes/spinResolver.ts:        // [error_eamoov]
./classes/spinResolver.ts:        // [error_eamn]
./classes/spinResolver.ts:        // [error_eamomp]
./classes/spinResolver.ts:          // [error_scmrf]
./classes/spinResolver.ts:          // [error_sdcx]
./classes/spinResolver.ts:        // [error_eamn]
./classes/spinResolver.ts:        // [error_easvmoo]
./classes/spinResolver.ts:        // [error_arina]
./classes/spinResolver.ts:        // [error_ainafbf]
./classes/spinResolver.ts:      // [error_eamn]
./classes/spinResolver.ts:        // [error_recvcbu]
./classes/spinResolver.ts:        // [error_sendcbu]
./classes/spinResolver.ts:          // [error_loxre]
./classes/spinResolver.ts:      // [error_eav]
./classes/spinResolver.ts:          // [error_loxpe]
./classes/spinResolver.ts:      // [error_esendd]
./classes/spinResolver.ts:          // [error_spmcrmv]
./classes/spinResolver.ts:        // [error_spmcrmv]
./classes/spinResolver.ts:          // [error_spmcrmv]
./classes/spinResolver.ts:        // [error_tmrnr]
./classes/spinResolver.ts:        // [error_tmrmr]
./classes/spinResolver.ts:        // [error_bwldcx]
./classes/spinResolver.ts:        // [error_scmrf]
./classes/spinResolver.ts:        // [error_sdcx]
./classes/spinResolver.ts:        // [error_lscmrf]
./classes/spinResolver.ts:        // [error_sdcx]
./classes/spinResolver.ts:        // [error_lscmrf]
./classes/spinResolver.ts:        // [error_sdcx]
./classes/spinResolver.ts:            // [error_NEW for Pnut-ts] (BEING CAPTURED)
./classes/spinResolver.ts:            // [error_eacuool]
./classes/spinResolver.ts:        // [error_ionaifpe]
./classes/spinResolver.ts:          // [error_eregsym]
./classes/spinResolver.ts:          // [error_NEW for Pnut-ts] (BEING CAPTURED)
./classes/spinResolver.ts:          // [error_NEW for Pnut-ts] (BEING CAPTURED)
./classes/spinResolver.ts:                // [error_oinah]
./classes/spinResolver.ts:                // [error_rinah]
./classes/spinResolver.ts:                // [error_lvmb]
./classes/spinResolver.ts:                  // [error_lvmb]
./classes/spinResolver.ts:                // [error_eacn]
./classes/spinResolver.ts:                  // [error_eads]
./classes/spinResolver.ts:      // [error_eaocom]
./classes/spinResolver.ts:          // [error_eacn]
./classes/spinResolver.ts:        // [error_us]
./classes/spinResolver.ts:      // [error_ecoeol]
./classes/spinResolver.ts:      // [error_esoeol]
./classes/spinResolver.ts:      // [error_eeol]
./classes/spinResolver.ts:      // [error_ecor]
./classes/spinResolver.ts:      // [error_epoeol]
./classes/spinResolver.ts:      // [error_eav]
./classes/spinResolver.ts:          // [error_eicon]
./classes/spinResolver.ts:            // [error_eicon]
./classes/spinResolver.ts:            // [error_cmbf0t511]
./classes/spinResolver.ts:              // [error_loxre]
./classes/spinResolver.ts:      // [error_eicon]
./classes/spinResolver.ts:      // [error_eleft]
./classes/spinResolver.ts:      // [error_eright]
./classes/spinResolver.ts:      // [error_eleftb]
./classes/spinResolver.ts:      // [error_erightb]
./classes/spinResolver.ts:      // [error_ecomma]
./classes/spinResolver.ts:      // [error_epound]
./classes/spinResolver.ts:      // [error_eequal]
./classes/spinResolver.ts:      // [error_ecolon]
./classes/spinResolver.ts:      // [error_edot]
./classes/spinResolver.ts:      // [error_edotdot]
./classes/spinResolver.ts:      // [error_eassign]
./classes/spinResolver.ts:      // [error_ebwl]
./classes/spinResolver.ts:      // [error_efrom]
./classes/spinResolver.ts:      // [error_eto]
./classes/spinResolver.ts:      // [error_ewith]
./classes/spinResolver.ts:      // [error_fpnaiie]
./classes/spinResolver.ts:      // [error_inaifpe]
./classes/spinResolver.ts:            // [error_fpcmbp]
./classes/spinResolver.ts:              // [error_fpo]
./classes/spinResolver.ts:              // [error_dbz]
./classes/spinResolver.ts:            // [error_fpo]
./classes/spinResolver.ts:          // [error_dbz]
./classes/spinResolver.ts:          // [error_dbz]
./classes/spinResolver.ts:          // [error_dbz]
./classes/spinResolver.ts:          // [error_dbz]
./classes/spinResolver.ts:          // [error_divo]
./classes/spinResolver.ts:        // [error_INTERNAL]
./classes/spinResolver.ts:      // [error_fpo]
./classes/spinElementizer.ts:          // [error_es] we have an empty string
./classes/spinElementizer.ts:          // [error_eatq] we have an unterminated string
./classes/spinElementizer.ts:      // [error_bmbpbb]
./classes/spinElementizer.ts:        // [error_uc]
./classes/spinElementizer.ts:          //  [error_erbb]
./classes/spinElementizer.ts:          //  [error_erb]
./classes/spinElementizer.ts:        // [error_nmt4c]
./classes/spinElementizer.ts:      // [error_NEW not in Pnut]
./classes/spinElementizer.ts:        // [error_fpcmbw]
./classes/spinElementizer.ts:      // [error_ce32b]
./classes/objectSymbols.ts:      // [error_pclo]
./classes/distillerList.ts:    // [error_odo]
